Using pre-set license
Built from '2020.3/staging' branch; Version is '2020.3.26f1 (7298b473bc1a) revision 7510196'; Using compiler version '192528614'; Build Type 'Release'
OS: 'Windows 10  (10.0.19043) 64bit Core' Language: 'en' Physical Memory: 3515 MB
BatchMode: 1, IsHumanControllingUs: 0, StartBugReporterOnCrash: 0, Is64bit: 1, IsPro: 0

COMMAND LINE ARGUMENTS:
C:\Program Files\Unity\Hub\Editor\2020.3.26f1\Editor\Unity.exe
-adb2
-batchMode
-noUpm
-name
AssetImportWorker9
-projectPath
C:/Users/cordell/MTEC 2120 Scene 1
-logFile
Logs/AssetImportWorker9.log
-srvPort
63347
Successfully changed project path to: C:/Users/cordell/MTEC 2120 Scene 1
C:/Users/cordell/MTEC 2120 Scene 1
Using Asset Import Pipeline V2.
